[2013-03-16 09:26:46] START
[2013-03-16 09:26:46] EDIT welcome/controllers/default.py: 2
[2014-06-25 09:14:58] EDIT RegressionReport/models/db.py: 29
[2014-06-25 09:25:04] EDIT RegressionReport/controllers/default.py: 34
[2014-06-25 09:25:36] CREATE default/create.html: 0
[2014-06-25 09:26:36] EDIT RegressionReport/views/default/create.html: 0
[2014-06-25 09:28:12] EDIT RegressionReport/views/default/index.html: -22
[2014-06-25 09:28:19] EDIT RegressionReport/views/default/index.html: 0
[2014-06-25 09:28:35] EDIT RegressionReport/views/default/user.html: -5
[2014-06-25 09:29:27] EDIT RegressionReport/models/db.py: 0
[2014-06-25 09:39:17] EDIT RegressionReport/controllers/default.py: 0
[2014-06-25 09:44:27] EDIT RegressionReport/views/default/index.html: 0
[2014-06-25 09:45:28] EDIT RegressionReport/controllers/default.py: 0
[2014-06-26 08:01:31] EDIT RegressionReport/models/db.py: 5
[2014-06-26 11:37:09] EDIT RegressionReport/views/default/index.html: 0
[2014-06-26 11:38:02] EDIT RegressionReport/controllers/default.py: 1
[2014-06-26 11:39:58] EDIT RegressionReport/views/default/index.html: 1
[2014-06-26 11:40:26] EDIT RegressionReport/views/default/index.html: -1
[2014-06-26 11:41:37] EDIT RegressionReport/controllers/default.py: -1
[2014-06-26 11:43:54] EDIT RegressionReport/controllers/default.py: 0
[2014-06-26 11:45:02] EDIT RegressionReport/views/default/index.html: 0
[2014-06-26 11:47:34] EDIT RegressionReport/controllers/default.py: 0
[2014-06-26 11:50:46] EDIT RegressionReport/views/default/index.html: 0
[2014-06-26 11:50:49] EDIT RegressionReport/controllers/default.py: 0
[2014-06-26 11:50:49] EDIT RegressionReport/controllers/default.py: 0
[2014-06-26 11:50:49] EDIT RegressionReport/controllers/default.py: 0
[2014-06-26 11:50:49] EDIT RegressionReport/controllers/default.py: 0
[2014-06-26 14:35:58] EDIT RegressionReport/controllers/default.py: 1
[2014-06-26 14:36:28] EDIT RegressionReport/controllers/default.py: 0
[2014-06-26 14:36:53] EDIT RegressionReport/controllers/default.py: -1
[2014-06-26 14:38:32] EDIT RegressionReport/controllers/default.py: 0
[2014-06-26 14:42:16] EDIT RegressionReport/models/db.py: 0
[2014-06-26 14:44:17] EDIT RegressionReport/controllers/default.py: 4
[2014-06-26 14:44:56] EDIT RegressionReport/controllers/default.py: 0
[2014-06-26 14:44:57] EDIT RegressionReport/controllers/default.py: 0
[2014-06-26 14:45:17] EDIT RegressionReport/controllers/default.py: 0
[2014-06-26 14:45:47] EDIT RegressionReport/controllers/default.py: -1
[2014-06-26 14:45:49] EDIT RegressionReport/controllers/default.py: 0
[2014-06-26 14:46:40] EDIT RegressionReport/controllers/default.py: 0
[2014-06-26 14:47:02] EDIT RegressionReport/controllers/default.py: 0
[2014-06-26 14:47:04] EDIT RegressionReport/controllers/default.py: 0
[2014-06-26 14:47:55] EDIT RegressionReport/controllers/default.py: -3
[2014-06-26 14:48:07] EDIT RegressionReport/controllers/default.py: 0
[2014-06-26 14:48:57] EDIT RegressionReport/controllers/default.py: 1
[2014-06-26 14:50:51] EDIT RegressionReport/controllers/default.py: 3
[2014-06-26 16:10:04] EDIT RegressionReport/controllers/default.py: 1
[2014-06-26 16:22:04] EDIT RegressionReport/controllers/default.py: 3
[2014-06-26 16:22:20] EDIT RegressionReport/controllers/default.py: 0
[2014-06-26 16:22:22] EDIT RegressionReport/controllers/default.py: 0
[2014-06-26 20:33:01] EDIT RegressionReport/controllers/default.py: -5
[2014-06-26 20:33:39] EDIT RegressionReport/controllers/default.py: 0
[2014-06-26 20:34:25] EDIT RegressionReport/views/default/index.html: -1
[2014-06-26 20:34:49] EDIT RegressionReport/views/default/index.html: 1
[2014-06-26 20:34:55] EDIT RegressionReport/views/default/index.html: 0
[2014-06-26 20:35:36] EDIT RegressionReport/controllers/default.py: -1
[2014-06-26 20:36:14] EDIT RegressionReport/controllers/default.py: 0
[2014-06-26 20:37:12] EDIT RegressionReport/controllers/default.py: 1
[2014-06-26 20:37:17] EDIT RegressionReport/controllers/default.py: 0
[2014-06-26 20:38:10] EDIT RegressionReport/controllers/default.py: -1
[2014-06-26 20:44:11] EDIT RegressionReport/controllers/default.py: 2
[2014-06-26 20:45:09] EDIT RegressionReport/controllers/default.py: 0
[2014-06-26 20:48:44] EDIT RegressionReport/controllers/default.py: 4
[2014-06-26 20:54:32] EDIT RegressionReport/controllers/default.py: 1
[2014-06-26 21:05:02] CREATE loadxls/load.py: 0
[2014-06-26 21:21:34] EDIT RegressionReport/models/db.py: 2
[2014-06-26 21:22:05] EDIT RegressionReport/modules/loadxls/load.py: 17
[2014-06-26 21:50:59] EDIT RegressionReport/controllers/default.py: 1
[2014-06-26 21:51:34] EDIT RegressionReport/controllers/default.py: 0
[2014-06-26 21:55:16] EDIT RegressionReport/controllers/default.py: 0
[2014-06-27 08:39:32] EDIT RegressionReport/controllers/default.py: 0
[2014-06-27 08:42:23] EDIT RegressionReport/controllers/default.py: 0
[2014-06-27 08:42:46] EDIT RegressionReport/controllers/default.py: 0
[2014-06-27 08:44:32] EDIT RegressionReport/modules/loadxls/load.py: -3
[2014-06-27 08:44:43] EDIT RegressionReport/modules/loadxls/load.py: 0
[2014-06-27 08:44:47] EDIT RegressionReport/modules/loadxls/load.py: 0
[2014-06-27 08:44:52] EDIT RegressionReport/modules/loadxls/load.py: 0
[2014-06-27 08:49:19] EDIT RegressionReport/modules/loadxls/load.py: 0
[2014-06-27 08:49:38] EDIT RegressionReport/modules/loadxls/load.py: 0
[2014-06-27 08:49:46] EDIT RegressionReport/modules/loadxls/load.py: -1
[2014-06-27 08:51:04] EDIT RegressionReport/controllers/default.py: 1
[2014-06-27 08:52:12] EDIT RegressionReport/controllers/default.py: 0
[2014-06-27 08:52:45] EDIT RegressionReport/modules/loadxls/load.py: 1
[2014-06-27 09:18:54] EDIT RegressionReport/modules/loadxls/load.py: 0
[2014-06-27 09:19:00] EDIT RegressionReport/modules/loadxls/load.py: -1
[2014-06-27 09:19:37] EDIT RegressionReport/modules/loadxls/load.py: 1
[2014-06-27 09:21:03] EDIT RegressionReport/modules/loadxls/load.py: 0
[2014-06-27 09:21:08] EDIT RegressionReport/modules/loadxls/load.py: 0
[2014-06-27 09:27:28] EDIT RegressionReport/models/db.py: 2
[2014-06-27 09:27:33] EDIT RegressionReport/modules/loadxls/load.py: 0
[2014-06-27 09:27:46] EDIT RegressionReport/modules/loadxls/load.py: 0
[2014-06-27 09:28:19] EDIT RegressionReport/modules/loadxls/load.py: 0
[2014-06-27 09:28:29] EDIT RegressionReport/modules/loadxls/load.py: 0
[2014-06-27 09:37:20] EDIT RegressionReport/modules/loadxls/load.py: 0
[2014-06-27 09:38:12] EDIT RegressionReport/modules/loadxls/load.py: 1
[2014-06-27 09:42:29] EDIT RegressionReport/modules/loadxls/load.py: 0
[2014-06-27 09:43:38] EDIT RegressionReport/modules/loadxls/load.py: 0
[2014-06-27 09:47:01] EDIT RegressionReport/views/default/index.html: 1
[2014-06-27 09:48:42] EDIT RegressionReport/views/default/index.html: 0
[2014-06-27 10:19:40] EDIT RegressionReport/views/default/index.html: 0
[2014-06-27 10:20:31] EDIT RegressionReport/views/default/index.html: 0
[2014-06-27 10:20:42] EDIT RegressionReport/views/default/index.html: 0
[2014-06-27 10:21:31] EDIT RegressionReport/views/default/index.html: 1
[2014-06-27 10:21:35] EDIT RegressionReport/views/default/index.html: 0
[2014-06-27 10:30:03] EDIT RegressionReport/views/default/index.html: 0
[2014-06-27 10:31:23] EDIT RegressionReport/views/default/index.html: -3
[2014-06-27 10:32:00] EDIT RegressionReport/views/default/index.html: 2
[2014-06-27 10:32:50] EDIT RegressionReport/views/default/index.html: 0
[2014-06-27 10:33:44] EDIT RegressionReport/views/default/index.html: 0
[2014-06-27 10:34:56] EDIT RegressionReport/views/default/index.html: 0
[2014-06-27 10:36:05] EDIT RegressionReport/views/default/index.html: -1
[2014-06-27 10:36:16] EDIT RegressionReport/views/default/index.html: 0
[2014-06-27 10:36:52] EDIT RegressionReport/views/default/index.html: 0
[2014-06-27 10:42:11] EDIT RegressionReport/views/default/index.html: 1
[2014-06-27 10:44:43] EDIT RegressionReport/controllers/default.py: 0
[2014-06-27 10:44:51] EDIT RegressionReport/views/default/index.html: -2
[2014-06-27 10:44:59] EDIT RegressionReport/modules/loadxls/load.py: 0
[2014-06-27 10:46:23] EDIT RegressionReport/controllers/default.py: 0
[2014-06-27 10:46:45] EDIT RegressionReport/views/default/index.html: 1
[2014-06-27 10:47:26] EDIT RegressionReport/controllers/default.py: 0
[2014-06-27 10:48:17] EDIT RegressionReport/controllers/default.py: 2
[2014-06-27 10:48:22] EDIT RegressionReport/controllers/default.py: 0
[2014-06-27 10:49:01] EDIT RegressionReport/controllers/default.py: 0
[2014-06-27 10:49:25] EDIT RegressionReport/controllers/default.py: -1
[2014-06-27 10:49:30] EDIT RegressionReport/views/default/index.html: -1
[2014-06-27 10:50:11] EDIT RegressionReport/modules/loadxls/load.py: 0
[2014-06-27 10:50:56] EDIT RegressionReport/controllers/default.py: 2
[2014-06-27 10:51:29] EDIT RegressionReport/modules/loadxls/load.py: 0
[2014-06-27 10:54:41] EDIT RegressionReport/modules/loadxls/load.py: 0
[2014-06-27 10:55:26] EDIT RegressionReport/controllers/default.py: 4
[2014-06-27 10:55:37] EDIT RegressionReport/controllers/default.py: 0
[2014-06-27 10:55:47] EDIT RegressionReport/views/default/index.html: 1
[2014-06-27 11:02:04] EDIT RegressionReport/modules/loadxls/load.py: 0
[2014-06-27 11:02:16] EDIT RegressionReport/modules/loadxls/load.py: 0
[2014-06-27 11:02:53] EDIT RegressionReport/modules/loadxls/load.py: 0
[2014-06-27 11:04:31] EDIT RegressionReport/modules/loadxls/load.py: 1
[2014-06-27 11:05:03] EDIT RegressionReport/modules/loadxls/load.py: 0
[2014-06-27 11:19:59] EDIT RegressionReport/modules/loadxls/load.py: 5
[2014-06-27 11:20:08] EDIT RegressionReport/modules/loadxls/load.py: -1
[2014-06-27 11:40:35] EDIT RegressionReport/modules/loadxls/load.py: 35
[2014-06-27 11:41:08] EDIT RegressionReport/modules/loadxls/load.py: 0
[2014-06-27 11:41:55] EDIT RegressionReport/modules/loadxls/load.py: 0
[2014-06-27 11:43:04] EDIT RegressionReport/modules/loadxls/load.py: 7
[2014-06-27 11:43:08] EDIT RegressionReport/modules/loadxls/load.py: 0
[2014-06-27 11:44:22] EDIT RegressionReport/modules/loadxls/load.py: 0
[2014-06-27 11:48:01] EDIT RegressionReport/modules/loadxls/load.py: 1
[2014-06-27 11:51:39] EDIT RegressionReport/modules/loadxls/load.py: 0
[2014-06-27 11:52:11] EDIT RegressionReport/modules/loadxls/load.py: 0
[2014-06-27 11:52:43] EDIT RegressionReport/modules/loadxls/load.py: 0
[2014-06-27 13:31:11] EDIT RegressionReport/modules/loadxls/load.py: 10
[2014-06-27 13:41:33] EDIT RegressionReport/modules/loadxls/load.py: 1
[2014-06-27 13:50:29] EDIT RegressionReport/modules/loadxls/load.py: 0
[2014-06-27 14:17:14] EDIT RegressionReport/modules/loadxls/load.py: 14
[2014-06-27 14:17:24] EDIT RegressionReport/modules/loadxls/load.py: 0
[2014-06-27 14:17:34] EDIT RegressionReport/modules/loadxls/load.py: -6
[2014-06-27 14:17:38] EDIT RegressionReport/modules/loadxls/load.py: 0
[2014-06-27 14:33:10] EDIT RegressionReport/modules/loadxls/load.py: 11
[2014-06-27 14:37:10] EDIT RegressionReport/modules/loadxls/load.py: 0
[2014-06-27 14:37:16] EDIT RegressionReport/modules/loadxls/load.py: 0
[2014-06-27 14:53:23] EDIT RegressionReport/modules/loadxls/load.py: -1
[2014-06-27 15:02:31] EDIT RegressionReport/modules/loadxls/load.py: 1
[2014-06-27 15:28:44] EDIT RegressionReport/modules/loadxls/load.py: -3
[2014-06-27 15:41:09] EDIT RegressionReport/modules/loadxls/load.py: 0
[2014-06-27 15:41:37] EDIT RegressionReport/modules/loadxls/load.py: 0
[2014-06-27 15:48:18] EDIT RegressionReport/modules/loadxls/load.py: 5
[2014-06-27 15:48:35] EDIT RegressionReport/modules/loadxls/load.py: 0
[2014-06-27 15:48:54] EDIT RegressionReport/modules/loadxls/load.py: 0
[2014-06-27 15:52:22] EDIT RegressionReport/modules/loadxls/load.py: 2
[2014-06-27 15:53:23] EDIT RegressionReport/modules/loadxls/load.py: 1
[2014-06-27 15:57:49] EDIT RegressionReport/modules/loadxls/load.py: 0
[2014-06-27 16:02:54] EDIT RegressionReport/modules/loadxls/load.py: 0
[2014-06-27 16:04:06] EDIT RegressionReport/modules/loadxls/load.py: 1
[2014-06-27 16:07:36] EDIT RegressionReport/modules/loadxls/load.py: 3
[2014-06-27 16:08:50] EDIT RegressionReport/modules/loadxls/load.py: -1
[2014-06-27 16:12:32] EDIT RegressionReport/modules/loadxls/load.py: -1
[2014-06-27 16:13:19] EDIT RegressionReport/modules/loadxls/load.py: 1
[2014-06-27 16:34:57] EDIT RegressionReport/modules/loadxls/load.py: 6
[2014-06-27 20:59:35] EDIT RegressionReport/models/db.py: 0
[2014-06-27 21:01:18] EDIT RegressionReport/modules/loadxls/load.py: 1
[2014-06-27 21:02:53] EDIT RegressionReport/modules/loadxls/load.py: 0
[2014-06-27 21:04:09] EDIT RegressionReport/modules/loadxls/load.py: 0
[2014-06-27 21:17:23] EDIT RegressionReport/modules/loadxls/load.py: 2
[2014-06-27 21:19:41] EDIT RegressionReport/modules/loadxls/load.py: 0
[2014-06-27 21:21:54] EDIT RegressionReport/modules/loadxls/load.py: 0
[2014-06-27 21:21:55] EDIT RegressionReport/modules/loadxls/load.py: 0
[2014-06-27 21:23:39] EDIT RegressionReport/modules/loadxls/load.py: 0
[2014-06-27 21:24:35] EDIT RegressionReport/modules/loadxls/load.py: 0
[2014-06-27 21:27:52] EDIT RegressionReport/modules/loadxls/load.py: 1
[2014-06-27 21:28:23] EDIT RegressionReport/modules/loadxls/load.py: -1
[2014-06-27 21:29:51] EDIT RegressionReport/modules/loadxls/load.py: 2
[2014-06-27 21:38:16] EDIT RegressionReport/modules/loadxls/load.py: 1
[2014-06-27 21:40:16] EDIT RegressionReport/modules/loadxls/load.py: 1
[2014-06-28 20:55:54] EDIT RegressionReport/modules/loadxls/load.py: 0
[2014-06-28 21:09:06] EDIT RegressionReport/modules/loadxls/load.py: 0
[2014-06-28 21:25:11] EDIT RegressionReport/modules/loadxls/load.py: 0
[2014-06-28 21:26:00] EDIT RegressionReport/modules/loadxls/load.py: 0
[2014-06-28 21:26:06] EDIT RegressionReport/modules/loadxls/load.py: 0
[2014-06-28 21:26:09] EDIT RegressionReport/modules/loadxls/load.py: 0
[2014-06-28 21:38:46] EDIT RegressionReport/modules/loadxls/load.py: 34
[2014-06-28 21:59:42] EDIT RegressionReport/modules/loadxls/load.py: -4
[2014-06-28 22:01:14] EDIT RegressionReport/models/db.py: 0
[2014-06-28 22:02:16] EDIT RegressionReport/modules/loadxls/load.py: 0
[2014-06-28 22:02:31] EDIT RegressionReport/models/db.py: 0
[2014-06-28 22:05:55] EDIT RegressionReport/models/db.py: 0
[2014-06-28 22:14:29] EDIT RegressionReport/controllers/default.py: 1
[2014-06-28 23:12:08] EDIT RegressionReport/controllers/default.py: 1
[2014-06-28 23:25:12] EDIT RegressionReport/models/db.py: 0
[2014-06-28 23:35:03] EDIT RegressionReport/models/db.py: 0
[2014-06-28 23:37:05] EDIT RegressionReport/controllers/default.py: 0
[2014-06-28 23:37:27] EDIT RegressionReport/controllers/default.py: 0
[2014-06-28 23:38:34] EDIT RegressionReport/views/default/index.html: 1
[2014-06-28 23:52:06] EDIT RegressionReport/views/default/index.html: 1
[2014-06-28 23:52:48] EDIT RegressionReport/views/default/index.html: 0
[2014-06-29 21:53:31] EDIT RegressionReport/modules/loadxls/load.py: 0
[2014-06-29 22:28:45] EDIT RegressionReport/modules/loadxls/load.py: 10
[2014-06-29 22:35:37] EDIT RegressionReport/modules/loadxls/load.py: 6
[2014-06-29 22:36:04] EDIT RegressionReport/modules/loadxls/load.py: -2
[2014-06-29 22:39:49] EDIT RegressionReport/models/db.py: -4
[2014-06-29 22:46:39] EDIT RegressionReport/models/db.py: 4
[2014-06-29 22:47:04] EDIT RegressionReport/models/db.py: 0
[2014-06-29 22:48:50] EDIT RegressionReport/modules/loadxls/load.py: 1
[2014-06-29 23:01:09] EDIT RegressionReport/modules/loadxls/load.py: -5
[2014-06-29 23:04:28] EDIT RegressionReport/modules/loadxls/load.py: -6
[2014-06-29 23:04:30] EDIT RegressionReport/modules/loadxls/load.py: 0
[2014-06-29 23:05:16] EDIT RegressionReport/models/db.py: 0
[2014-06-29 23:07:55] EDIT RegressionReport/modules/loadxls/load.py: 0
[2014-06-29 23:10:34] EDIT RegressionReport/modules/loadxls/load.py: 0
[2014-06-29 23:10:50] EDIT RegressionReport/modules/loadxls/load.py: 0
[2014-06-29 23:11:00] EDIT RegressionReport/modules/loadxls/load.py: 0
[2014-06-29 23:12:02] EDIT RegressionReport/modules/loadxls/load.py: 0
[2014-06-30 20:53:42] EDIT RegressionReport/models/db.py: 0
[2014-06-30 20:56:40] EDIT RegressionReport/modules/loadxls/load.py: 3
[2014-06-30 21:02:17] EDIT RegressionReport/modules/loadxls/load.py: 15
[2014-06-30 21:02:31] EDIT RegressionReport/modules/loadxls/load.py: 0
[2014-06-30 21:06:58] EDIT RegressionReport/controllers/default.py: 0
[2014-06-30 21:07:44] EDIT RegressionReport/controllers/default.py: 0
[2014-07-01 21:32:22] EDIT RegressionReport/modules/loadxls/load.py: -18
[2014-07-01 21:33:19] EDIT RegressionReport/models/db.py: 0
[2014-07-01 21:37:33] EDIT RegressionReport/models/db.py: 0
[2014-07-01 21:41:29] EDIT RegressionReport/modules/loadxls/load.py: 1
[2014-07-01 21:42:38] EDIT RegressionReport/modules/loadxls/load.py: 0
[2014-07-01 21:44:52] EDIT RegressionReport/modules/loadxls/load.py: 0
[2014-07-01 21:44:53] EDIT RegressionReport/modules/loadxls/load.py: 0
[2014-07-01 21:46:24] EDIT RegressionReport/modules/loadxls/load.py: 0
[2014-07-01 21:49:23] EDIT RegressionReport/modules/loadxls/load.py: 1
[2014-07-01 21:54:11] EDIT RegressionReport/modules/loadxls/load.py: 0
[2014-07-02 13:35:15] EDIT RegressionReport/modules/loadxls/load.py: 0
[2014-07-02 13:37:45] EDIT RegressionReport/modules/loadxls/load.py: 4
[2014-07-02 13:38:17] EDIT RegressionReport/modules/loadxls/load.py: 0
[2014-07-02 13:43:43] EDIT RegressionReport/modules/loadxls/load.py: 4
[2014-07-02 13:43:58] EDIT RegressionReport/modules/loadxls/load.py: 1
[2014-07-02 13:44:14] EDIT RegressionReport/modules/loadxls/load.py: 0
[2014-07-02 13:44:57] EDIT RegressionReport/modules/loadxls/load.py: 0
[2014-07-02 13:45:32] EDIT RegressionReport/modules/loadxls/load.py: 0
[2014-07-02 14:07:11] EDIT RegressionReport/modules/loadxls/load.py: 0
[2014-07-02 14:07:17] EDIT RegressionReport/modules/loadxls/load.py: 0
[2014-07-02 14:08:01] EDIT RegressionReport/modules/loadxls/load.py: 0
[2014-07-02 14:17:38] EDIT RegressionReport/modules/loadxls/load.py: -2
[2014-07-02 14:25:13] EDIT RegressionReport/modules/loadxls/load.py: 1
[2014-07-02 14:25:57] EDIT RegressionReport/modules/loadxls/load.py: 1
[2014-07-02 14:29:43] EDIT RegressionReport/modules/loadxls/load.py: 1
[2014-07-02 14:29:44] EDIT RegressionReport/modules/loadxls/load.py: 0
[2014-07-02 14:47:09] EDIT RegressionReport/modules/loadxls/load.py: 0
[2014-07-02 14:51:34] EDIT RegressionReport/modules/loadxls/load.py: -3
[2014-07-02 15:02:02] EDIT RegressionReport/modules/loadxls/load.py: 1
[2014-07-02 15:53:47] EDIT RegressionReport/controllers/default.py: 0
[2014-07-02 16:05:07] EDIT RegressionReport/controllers/default.py: 0
[2014-07-02 16:06:12] EDIT RegressionReport/controllers/default.py: 0
[2014-07-02 16:10:34] EDIT RegressionReport/modules/loadxls/load.py: 1
[2014-07-02 16:11:08] EDIT RegressionReport/modules/loadxls/load.py: 0
[2014-07-02 16:11:46] EDIT RegressionReport/modules/loadxls/load.py: 1
[2014-07-02 16:12:30] EDIT RegressionReport/modules/loadxls/load.py: 0
[2014-07-02 16:15:44] EDIT RegressionReport/modules/loadxls/load.py: 0
[2014-07-02 16:17:02] EDIT RegressionReport/modules/loadxls/load.py: 0
[2014-07-02 16:19:53] EDIT RegressionReport/modules/loadxls/load.py: 1
[2014-07-02 16:20:39] EDIT RegressionReport/modules/loadxls/load.py: 0
[2014-07-02 16:33:36] EDIT RegressionReport/modules/loadxls/load.py: -1
[2014-07-02 19:12:33] EDIT RegressionReport/modules/loadxls/load.py: 0
[2014-07-02 20:31:29] EDIT RegressionReport/modules/loadxls/load.py: 0
[2014-07-02 20:36:53] EDIT RegressionReport/views/default/index.html: 1
[2014-07-02 20:40:45] EDIT RegressionReport/views/default/index.html: -3
[2014-07-02 20:45:17] EDIT RegressionReport/views/default/index.html: 0
[2014-07-02 20:45:52] EDIT RegressionReport/views/default/index.html: -3
[2014-07-02 20:47:15] EDIT RegressionReport/views/default/index.html: 0
[2014-07-02 20:48:02] EDIT RegressionReport/views/default/index.html: 0
[2014-07-02 20:48:37] EDIT RegressionReport/views/default/index.html: 0
[2014-07-02 20:49:55] EDIT RegressionReport/views/default/index.html: 0
[2014-07-02 20:51:06] EDIT RegressionReport/views/default/index.html: 3
[2014-07-02 20:51:33] EDIT RegressionReport/views/default/index.html: 1
[2014-07-02 21:01:09] EDIT RegressionReport/views/default/index.html: 0
[2014-07-02 21:01:48] EDIT RegressionReport/views/default/index.html: -1
[2014-07-02 21:02:14] EDIT RegressionReport/views/default/index.html: 0
[2014-07-02 21:15:02] EDIT RegressionReport/views/default/index.html: 0
[2014-07-02 21:19:50] EDIT RegressionReport/views/default/index.html: 2
[2014-07-02 21:20:19] EDIT RegressionReport/views/default/index.html: -2
[2014-07-02 21:20:39] EDIT RegressionReport/views/default/index.html: 0
[2014-07-02 21:25:57] EDIT RegressionReport/views/default/index.html: 0
[2014-07-02 21:27:26] EDIT RegressionReport/controllers/default.py: 0
[2014-07-02 21:28:04] EDIT RegressionReport/views/default/index.html: -1
[2014-07-02 21:28:23] EDIT RegressionReport/controllers/default.py: 3
[2014-07-02 21:33:49] EDIT RegressionReport/controllers/default.py: 0
[2014-07-02 21:39:06] EDIT RegressionReport/modules/loadxls/load.py: 1
[2014-07-02 21:41:04] EDIT RegressionReport/modules/loadxls/load.py: 0
[2014-07-02 21:43:01] EDIT RegressionReport/controllers/default.py: 0
[2014-07-02 21:54:46] EDIT RegressionReport/controllers/default.py: 4
[2014-07-02 22:11:19] EDIT RegressionReport/views/default/index.html: 0
[2014-07-02 22:11:42] EDIT RegressionReport/views/default/index.html: 0
[2014-07-02 22:27:24] EDIT RegressionReport/models/db.py: 0
[2014-07-02 22:27:25] EDIT RegressionReport/models/db.py: 0
[2014-07-02 22:27:29] EDIT RegressionReport/views/default/index.html: 7
[2014-07-02 22:27:31] EDIT RegressionReport/controllers/default.py: 0
[2014-07-02 22:27:34] EDIT RegressionReport/modules/loadxls/load.py: 0
[2014-07-03 00:24:16] EDIT RegressionReport/controllers/default.py: 3
[2014-07-03 00:24:53] EDIT RegressionReport/controllers/default.py: 0
[2014-07-03 00:26:03] EDIT RegressionReport/controllers/default.py: 0
[2014-07-03 00:28:10] EDIT RegressionReport/controllers/default.py: 0
[2014-07-03 00:29:18] EDIT RegressionReport/views/default/index.html: 0
[2014-07-03 00:30:03] EDIT RegressionReport/views/default/index.html: 0
[2014-07-03 00:43:51] EDIT RegressionReport/controllers/default.py: 6
[2014-07-03 00:45:43] EDIT RegressionReport/controllers/default.py: 0
[2014-07-03 00:46:31] EDIT RegressionReport/controllers/default.py: 0
[2014-07-03 00:47:01] EDIT RegressionReport/views/default/index.html: 0
[2014-07-03 00:47:31] EDIT RegressionReport/views/default/index.html: 0
[2014-07-03 00:56:55] EDIT RegressionReport/controllers/default.py: 11
[2014-07-03 00:59:23] EDIT RegressionReport/modules/loadxls/load.py: 0
[2014-07-03 01:01:04] EDIT RegressionReport/modules/loadxls/load.py: 0
[2014-07-03 01:01:06] EDIT RegressionReport/controllers/default.py: 0
[2014-07-03 01:01:09] EDIT RegressionReport/views/default/index.html: 0
[2014-07-03 01:01:12] EDIT RegressionReport/models/db.py: 0
[2014-07-03 01:03:18] EDIT RegressionReport/controllers/default.py: 1
[2014-07-03 01:04:11] EDIT RegressionReport/models/db.py: 0
[2014-07-03 01:04:13] EDIT RegressionReport/views/default/index.html: 0
[2014-07-03 01:04:16] EDIT RegressionReport/controllers/default.py: 0
[2014-07-03 01:04:20] EDIT RegressionReport/modules/loadxls/load.py: 0
[2014-07-03 11:57:31] EDIT RegressionReport/views/default/index.html: 0
[2014-07-03 12:21:31] EDIT RegressionReport/views/default/index.html: 10
[2014-07-03 13:21:44] EDIT RegressionReport/views/default/index.html: 0
[2014-07-03 13:22:06] EDIT RegressionReport/views/default/index.html: 0
[2014-07-03 13:23:38] EDIT RegressionReport/views/default/index.html: 3
[2014-07-03 13:25:11] EDIT RegressionReport/views/default/index.html: 1
[2014-07-03 13:28:18] EDIT RegressionReport/views/default/index.html: 4
[2014-07-03 13:28:28] EDIT RegressionReport/views/default/index.html: 1
[2014-07-03 13:28:47] EDIT RegressionReport/views/default/index.html: 0
[2014-07-03 13:31:49] EDIT RegressionReport/views/default/index.html: 7
[2014-07-03 13:32:57] EDIT RegressionReport/views/default/index.html: 0
[2014-07-03 13:33:34] EDIT RegressionReport/views/default/index.html: 0
[2014-07-03 13:35:57] EDIT RegressionReport/static/css/web2py.css: 0
[2014-07-03 13:36:12] EDIT RegressionReport/static/css/web2py.css: 0
[2014-07-03 13:36:22] EDIT RegressionReport/static/css/web2py.css: 0
[2014-07-03 13:36:41] EDIT RegressionReport/static/css/web2py.css: 0
[2014-07-03 13:37:07] EDIT RegressionReport/static/css/web2py.css: 0
[2014-07-03 13:38:34] EDIT RegressionReport/static/css/web2py.css: 0
[2014-07-03 13:38:36] EDIT RegressionReport/modules/loadxls/load.py: 0
[2014-07-03 13:38:38] EDIT RegressionReport/views/default/index.html: 0
[2014-07-03 13:38:40] EDIT RegressionReport/controllers/default.py: 0
[2014-07-03 13:38:42] EDIT RegressionReport/models/db.py: 0
[2014-07-03 14:06:18] EDIT RegressionReport/views/default/index.html: 0
[2014-07-03 14:07:42] EDIT RegressionReport/static/css/web2py.css: 1
[2014-07-03 14:08:01] EDIT RegressionReport/static/css/web2py.css: -1
[2014-07-03 14:08:32] EDIT RegressionReport/views/default/index.html: 0
[2014-07-03 14:11:51] EDIT RegressionReport/views/default/index.html: 0
[2014-07-03 14:12:06] EDIT RegressionReport/views/default/index.html: 0
[2014-07-03 14:12:21] EDIT RegressionReport/views/default/index.html: 0
[2014-07-03 14:12:59] EDIT RegressionReport/views/default/index.html: 0
[2014-07-03 14:13:13] EDIT RegressionReport/views/default/index.html: 0
[2014-07-03 16:15:29] EDIT RegressionReport/views/default/index.html: 0
[2014-07-03 16:17:25] EDIT RegressionReport/views/default/index.html: 2
[2014-07-03 16:19:24] EDIT RegressionReport/controllers/default.py: 1
[2014-07-03 16:27:07] EDIT RegressionReport/controllers/default.py: 0
[2014-07-03 16:27:09] EDIT RegressionReport/models/db.py: 0
[2014-07-03 16:27:11] EDIT RegressionReport/views/default/index.html: 0
[2014-07-03 16:27:11] EDIT RegressionReport/modules/loadxls/load.py: 0
[2014-07-03 16:27:13] EDIT RegressionReport/static/css/web2py.css: 0
[2014-07-03 21:01:37] EDIT RegressionReport/modules/loadxls/load.py: 2
[2014-07-03 21:08:59] EDIT RegressionReport/models/db.py: 0
[2014-07-03 21:09:27] EDIT RegressionReport/modules/loadxls/load.py: -2
[2014-07-03 21:09:37] EDIT RegressionReport/modules/loadxls/load.py: -1
[2014-07-03 21:11:19] EDIT RegressionReport/controllers/default.py: 0
[2014-07-03 21:29:56] EDIT RegressionReport/controllers/default.py: 15
[2014-07-03 21:35:14] EDIT RegressionReport/controllers/default.py: 7
[2014-07-03 21:36:22] EDIT RegressionReport/controllers/default.py: -2
[2014-07-03 21:36:54] EDIT RegressionReport/views/default/index.html: 1
[2014-07-03 21:38:36] EDIT RegressionReport/views/default/index.html: 0
[2014-07-03 21:44:15] EDIT RegressionReport/controllers/default.py: 0
[2014-07-03 21:51:34] EDIT RegressionReport/controllers/default.py: 1
[2014-07-03 21:51:59] EDIT RegressionReport/controllers/default.py: 0
[2014-07-03 21:52:30] EDIT RegressionReport/controllers/default.py: 0
[2014-07-03 21:54:12] EDIT RegressionReport/controllers/default.py: 0
[2014-07-03 21:55:33] EDIT RegressionReport/controllers/default.py: 0
[2014-07-03 21:56:59] EDIT RegressionReport/controllers/default.py: 0
[2014-07-03 21:57:33] EDIT RegressionReport/controllers/default.py: 0
[2014-07-03 22:01:48] EDIT RegressionReport/controllers/default.py: 16
[2014-07-03 22:03:13] EDIT RegressionReport/controllers/default.py: 0
[2014-07-03 22:05:34] EDIT RegressionReport/controllers/default.py: 0
[2014-07-03 22:05:51] EDIT RegressionReport/controllers/default.py: 0
[2014-07-03 22:06:55] EDIT RegressionReport/controllers/default.py: 0
[2014-07-03 22:08:17] EDIT RegressionReport/controllers/default.py: 0
[2014-07-03 22:27:52] EDIT RegressionReport/controllers/default.py: 0
[2014-07-03 22:34:13] EDIT RegressionReport/controllers/default.py: 0
[2014-07-03 22:35:02] EDIT RegressionReport/controllers/default.py: 0
[2014-07-03 22:35:10] EDIT RegressionReport/controllers/default.py: 0
[2014-07-03 22:35:17] EDIT RegressionReport/controllers/default.py: 0
[2014-07-03 22:38:00] EDIT RegressionReport/controllers/default.py: 0
[2014-07-03 22:38:10] EDIT RegressionReport/controllers/default.py: 0
[2014-07-03 22:39:04] EDIT RegressionReport/controllers/default.py: 1
[2014-07-03 22:39:06] EDIT RegressionReport/controllers/default.py: 0
[2014-07-03 22:39:57] EDIT RegressionReport/controllers/default.py: 0
[2014-07-03 22:45:49] EDIT RegressionReport/controllers/default.py: 0
[2014-07-03 22:46:29] EDIT RegressionReport/controllers/default.py: 0
[2014-07-03 22:48:41] EDIT RegressionReport/controllers/default.py: -2
[2014-07-03 22:50:14] EDIT RegressionReport/controllers/default.py: 0
[2014-07-03 22:54:43] EDIT RegressionReport/controllers/default.py: 1
[2014-07-03 23:00:27] EDIT RegressionReport/controllers/default.py: 0
[2014-07-03 23:08:35] EDIT RegressionReport/controllers/default.py: 0
[2014-07-03 23:08:59] EDIT RegressionReport/controllers/default.py: 0
[2014-07-03 23:09:18] EDIT RegressionReport/controllers/default.py: 0
[2014-07-03 23:09:55] EDIT RegressionReport/controllers/default.py: 0
[2014-07-03 23:10:17] EDIT RegressionReport/controllers/default.py: 0
[2014-07-03 23:10:24] EDIT RegressionReport/controllers/default.py: 0
[2014-07-03 23:11:15] EDIT RegressionReport/controllers/default.py: 0
[2014-07-03 23:11:44] EDIT RegressionReport/controllers/default.py: 0
[2014-07-03 23:12:13] EDIT RegressionReport/controllers/default.py: 0
[2014-07-03 23:13:53] EDIT RegressionReport/controllers/default.py: 0
[2014-07-03 23:19:57] EDIT RegressionReport/controllers/default.py: 0
[2014-07-03 23:20:30] EDIT RegressionReport/controllers/default.py: 0
[2014-07-03 23:21:57] EDIT RegressionReport/controllers/default.py: 0
[2014-07-03 23:22:45] EDIT RegressionReport/controllers/default.py: 1
[2014-07-03 23:22:56] EDIT RegressionReport/controllers/default.py: 0
[2014-07-03 23:24:24] EDIT RegressionReport/controllers/default.py: 2
[2014-07-03 23:24:51] EDIT RegressionReport/controllers/default.py: 0
[2014-07-04 09:49:56] EDIT RegressionReport/controllers/default.py: 3
[2014-07-04 09:50:25] EDIT RegressionReport/controllers/default.py: 0
[2014-07-04 09:51:20] EDIT RegressionReport/controllers/default.py: -2
[2014-07-04 09:52:24] EDIT RegressionReport/controllers/default.py: 0
[2014-07-04 09:53:25] EDIT RegressionReport/controllers/default.py: 0
[2014-07-04 09:53:52] EDIT RegressionReport/controllers/default.py: 0
[2014-07-04 18:38:55] EDIT RegressionReport/controllers/default.py: 0
[2014-07-04 18:39:29] EDIT RegressionReport/controllers/default.py: 0
[2014-07-04 18:39:58] EDIT RegressionReport/controllers/default.py: 0
[2014-07-04 18:41:21] EDIT RegressionReport/controllers/default.py: -33
[2014-07-04 18:43:56] EDIT RegressionReport/controllers/default.py: 2
[2014-07-04 18:44:35] EDIT RegressionReport/views/default/index.html: -41
[2014-07-04 18:45:49] EDIT RegressionReport/controllers/default.py: 0
[2014-07-04 19:01:50] EDIT RegressionReport/views/layout.html: 2
[2014-07-04 19:07:50] EDIT RegressionReport/controllers/default.py: 0
[2014-07-04 20:15:22] EDIT RegressionReport/controllers/default.py: 1
[2014-07-04 20:16:40] EDIT RegressionReport/controllers/default.py: 0
[2014-07-04 21:17:24] EDIT RegressionReport/controllers/default.py: 9
[2014-07-04 21:17:49] EDIT RegressionReport/controllers/default.py: 0
[2014-07-04 21:19:51] EDIT RegressionReport/controllers/default.py: 0
[2014-07-04 21:20:17] EDIT RegressionReport/controllers/default.py: 0
[2014-07-04 21:20:47] EDIT RegressionReport/controllers/default.py: 0
[2014-07-04 21:21:31] EDIT RegressionReport/controllers/default.py: 0
[2014-07-04 21:22:39] EDIT RegressionReport/controllers/default.py: 0
[2014-07-04 21:26:59] EDIT RegressionReport/models/db.py: 1
[2014-07-04 21:34:02] EDIT RegressionReport/controllers/default.py: 0
[2014-07-04 21:35:20] EDIT RegressionReport/controllers/default.py: 0
[2014-07-04 21:41:09] EDIT RegressionReport/controllers/default.py: -2
[2014-07-04 21:42:21] EDIT RegressionReport/controllers/default.py: 0
[2014-07-04 21:43:03] EDIT RegressionReport/controllers/default.py: 0
[2014-07-04 21:45:10] EDIT RegressionReport/controllers/default.py: -12
[2014-07-04 22:36:15] EDIT RegressionReport/controllers/default.py: 0
[2014-07-04 22:37:39] EDIT RegressionReport/controllers/default.py: 0
[2014-07-04 22:37:50] EDIT RegressionReport/controllers/default.py: 0
[2014-07-04 22:41:35] EDIT RegressionReport/controllers/default.py: 1
[2014-07-04 22:42:14] EDIT RegressionReport/controllers/default.py: -1
[2014-07-04 22:45:10] EDIT RegressionReport/controllers/default.py: 0
[2014-07-04 23:26:10] EDIT RegressionReport/controllers/default.py: 2
[2014-07-04 23:27:31] EDIT RegressionReport/controllers/default.py: 1
[2014-07-07 15:34:44] EDIT RegressionReport/static/css/web2py.css: 0
[2014-07-07 15:35:15] EDIT RegressionReport/static/css/web2py.css: 0
[2014-07-07 15:35:46] EDIT RegressionReport/static/css/web2py.css: 0
[2014-07-07 15:35:58] EDIT RegressionReport/static/css/web2py.css: 0
[2014-07-07 15:36:13] EDIT RegressionReport/static/css/web2py.css: 0
[2014-07-07 15:36:27] EDIT RegressionReport/static/css/web2py.css: 0
[2014-07-07 15:37:44] EDIT RegressionReport/static/css/web2py.css: 2
[2014-07-07 15:38:04] EDIT RegressionReport/static/css/web2py.css: 0
[2014-07-07 15:51:58] EDIT RegressionReport/models/db.py: 0
[2014-07-07 15:56:19] EDIT RegressionReport/controllers/default.py: 3
[2014-07-07 15:57:03] EDIT RegressionReport/views/default/index.html: 1
[2014-07-07 15:58:22] EDIT RegressionReport/controllers/default.py: 0
[2014-07-07 15:58:37] EDIT RegressionReport/controllers/default.py: 0
[2014-07-07 15:58:53] EDIT RegressionReport/controllers/default.py: 0
[2014-07-07 16:01:44] EDIT RegressionReport/controllers/default.py: 0
[2014-07-07 16:01:56] EDIT RegressionReport/controllers/default.py: 0
[2014-07-07 16:06:26] EDIT RegressionReport/controllers/default.py: 0
[2014-07-07 16:06:52] EDIT RegressionReport/controllers/default.py: 0
[2014-07-07 16:07:47] EDIT RegressionReport/controllers/default.py: 0
[2014-07-07 16:11:58] EDIT RegressionReport/views/default/index.html: -1
[2014-07-07 21:29:01] EDIT RegressionReport/controllers/default.py: 0
[2014-07-07 21:29:34] EDIT RegressionReport/controllers/default.py: 0
[2014-07-07 21:29:38] EDIT RegressionReport/controllers/default.py: 0
[2014-07-07 21:29:39] EDIT RegressionReport/controllers/default.py: 0
[2014-07-07 21:30:35] EDIT RegressionReport/controllers/default.py: 0
[2014-07-07 21:31:51] EDIT RegressionReport/controllers/default.py: 0
[2014-07-07 21:35:13] EDIT RegressionReport/controllers/default.py: 0
[2014-07-07 21:35:58] EDIT RegressionReport/controllers/default.py: 0
[2014-07-07 21:41:53] EDIT RegressionReport/controllers/default.py: 0
[2014-07-07 21:42:18] EDIT RegressionReport/views/default/index.html: 1
[2014-07-07 21:44:02] EDIT RegressionReport/controllers/default.py: 1
[2014-07-07 21:54:23] EDIT RegressionReport/controllers/default.py: 5
[2014-07-07 21:54:47] EDIT RegressionReport/controllers/default.py: 0
[2014-07-07 21:54:49] EDIT RegressionReport/controllers/default.py: 0
[2014-07-07 21:54:50] EDIT RegressionReport/controllers/default.py: 0
[2014-07-07 21:55:07] EDIT RegressionReport/controllers/default.py: 1
[2014-07-07 21:55:16] EDIT RegressionReport/controllers/default.py: -1
[2014-07-07 21:55:38] EDIT RegressionReport/controllers/default.py: 0
[2014-07-07 21:55:43] EDIT RegressionReport/controllers/default.py: 0
[2014-07-07 21:56:34] EDIT RegressionReport/controllers/default.py: 2
[2014-07-07 22:06:59] EDIT RegressionReport/controllers/default.py: -1
[2014-07-08 08:11:43] EDIT RegressionReport/modules/loadxls/load.py: -7
[2014-07-08 08:12:33] EDIT RegressionReport/controllers/default.py: 0
[2014-07-08 08:13:25] EDIT RegressionReport/controllers/default.py: 1
[2014-07-08 08:13:38] EDIT RegressionReport/controllers/default.py: 0
[2014-07-08 08:14:00] EDIT RegressionReport/controllers/default.py: 0
[2014-07-08 08:15:06] EDIT RegressionReport/controllers/default.py: 0
[2014-07-08 08:31:23] EDIT RegressionReport/controllers/default.py: 3
[2014-07-08 08:45:34] EDIT RegressionReport/controllers/default.py: 1
[2014-07-08 09:04:57] EDIT RegressionReport/controllers/default.py: 0
[2014-07-08 09:05:54] EDIT RegressionReport/controllers/default.py: 0
[2014-07-08 09:06:22] EDIT RegressionReport/controllers/default.py: 0
[2014-07-08 09:06:39] EDIT RegressionReport/controllers/default.py: 0
[2014-07-08 09:07:01] EDIT RegressionReport/controllers/default.py: 0
[2014-07-08 09:08:25] EDIT RegressionReport/controllers/default.py: 0
[2014-07-08 09:10:17] EDIT RegressionReport/controllers/default.py: 0
[2014-07-08 09:11:22] EDIT RegressionReport/controllers/default.py: 0
[2014-07-08 09:13:07] EDIT RegressionReport/controllers/default.py: 0
[2014-07-08 09:17:09] EDIT RegressionReport/views/layout.html: 0
[2014-07-08 09:17:29] EDIT RegressionReport/views/layout.html: 0
[2014-07-08 09:17:50] EDIT RegressionReport/views/layout.html: 0
[2014-07-08 09:18:18] EDIT RegressionReport/views/layout.html: 0
[2014-07-08 09:19:01] EDIT RegressionReport/views/layout.html: 0
[2014-07-08 09:19:35] EDIT RegressionReport/views/layout.html: -7
[2014-07-08 09:20:00] EDIT RegressionReport/views/layout.html: 6
[2014-07-08 09:20:11] EDIT RegressionReport/views/layout.html: 1
[2014-07-08 09:20:38] EDIT RegressionReport/views/layout.html: 0
[2014-07-08 09:20:55] EDIT RegressionReport/views/layout.html: 0
[2014-07-08 09:21:09] EDIT RegressionReport/views/layout.html: 0
[2014-07-08 09:21:48] EDIT RegressionReport/views/layout.html: 0
[2014-07-08 09:22:04] EDIT RegressionReport/views/layout.html: 0
[2014-07-08 09:22:57] EDIT RegressionReport/views/layout.html: 0
[2014-07-08 09:24:42] EDIT RegressionReport/views/layout.html: -2
[2014-07-08 09:25:03] EDIT RegressionReport/views/layout.html: 2
[2014-07-08 09:26:03] EDIT RegressionReport/controllers/default.py: 0
[2014-07-08 09:55:01] EDIT RegressionReport/controllers/default.py: 0
[2014-07-08 09:55:06] EDIT RegressionReport/views/default/index.html: -1
[2014-07-08 10:40:16] EDIT RegressionReport/controllers/default.py: -3
[2014-07-08 11:13:11] EDIT RegressionReport/controllers/default.py: 3
[2014-07-08 11:13:25] EDIT RegressionReport/controllers/default.py: 0
[2014-07-08 11:20:32] EDIT RegressionReport/controllers/default.py: 0
[2014-07-08 11:21:06] EDIT RegressionReport/controllers/default.py: 0
[2014-07-08 11:21:27] EDIT RegressionReport/controllers/default.py: 0
[2014-07-08 11:22:29] EDIT RegressionReport/controllers/default.py: 0
[2014-07-08 11:23:23] EDIT RegressionReport/controllers/default.py: 0
[2014-07-08 11:23:48] EDIT RegressionReport/controllers/default.py: 0
[2014-07-08 11:24:30] EDIT RegressionReport/controllers/default.py: 0
[2014-07-08 11:25:18] EDIT RegressionReport/controllers/default.py: 0
[2014-07-08 11:25:57] EDIT RegressionReport/controllers/default.py: 1
[2014-07-08 11:26:18] EDIT RegressionReport/controllers/default.py: 0
[2014-07-08 11:26:34] EDIT RegressionReport/controllers/default.py: 0
[2014-07-08 11:28:02] EDIT RegressionReport/controllers/default.py: 1
[2014-07-08 11:28:10] EDIT RegressionReport/controllers/default.py: 0
[2014-07-08 11:29:21] EDIT RegressionReport/controllers/default.py: 0
[2014-07-08 11:29:49] EDIT RegressionReport/controllers/default.py: 0
[2014-07-08 11:30:02] EDIT RegressionReport/controllers/default.py: 0
[2014-07-08 11:30:08] EDIT RegressionReport/controllers/default.py: 0
[2014-07-08 11:30:45] EDIT RegressionReport/controllers/default.py: 0
[2014-07-08 11:32:21] EDIT RegressionReport/controllers/default.py: 0
[2014-07-08 11:32:27] EDIT RegressionReport/controllers/default.py: 0
[2014-07-08 11:33:57] EDIT RegressionReport/controllers/default.py: 0
[2014-07-08 11:34:32] EDIT RegressionReport/controllers/default.py: 0
[2014-07-08 11:37:09] EDIT RegressionReport/controllers/default.py: 0
[2014-07-08 14:12:34] EDIT RegressionReport/controllers/default.py: -1
[2014-07-08 14:12:53] EDIT RegressionReport/controllers/default.py: 0
[2014-07-08 14:13:35] EDIT RegressionReport/controllers/default.py: 0
[2014-07-08 14:17:26] EDIT RegressionReport/controllers/default.py: 18
[2014-07-08 14:17:31] EDIT RegressionReport/controllers/default.py: 0
[2014-07-08 14:17:59] EDIT RegressionReport/controllers/default.py: 0
[2014-07-08 14:27:21] EDIT RegressionReport/controllers/default.py: -17
[2014-07-08 14:27:43] EDIT RegressionReport/controllers/default.py: 18
[2014-07-08 14:28:07] EDIT RegressionReport/controllers/default.py: 1
[2014-07-08 14:28:42] EDIT RegressionReport/controllers/default.py: 1
[2014-07-08 14:29:50] EDIT RegressionReport/controllers/default.py: -2
[2014-07-08 14:30:09] EDIT RegressionReport/controllers/default.py: 0
[2014-07-08 14:30:34] EDIT RegressionReport/controllers/default.py: 0
[2014-07-08 14:32:38] EDIT RegressionReport/controllers/default.py: 0
[2014-07-08 14:33:06] EDIT RegressionReport/controllers/default.py: 0
[2014-07-08 14:34:01] EDIT RegressionReport/controllers/default.py: -2
[2014-07-08 14:34:22] EDIT RegressionReport/controllers/default.py: 0
[2014-07-08 14:34:51] EDIT RegressionReport/controllers/default.py: 0
[2014-07-08 14:38:17] EDIT RegressionReport/controllers/default.py: 0
[2014-07-08 14:39:24] EDIT RegressionReport/controllers/default.py: 1
[2014-07-08 14:40:17] EDIT RegressionReport/controllers/default.py: 0
[2014-07-08 14:40:23] EDIT RegressionReport/controllers/default.py: -1
[2014-07-08 15:11:39] EDIT RegressionReport/controllers/default.py: 0
[2014-07-08 15:12:16] EDIT RegressionReport/controllers/default.py: 0
[2014-07-08 15:12:53] EDIT RegressionReport/controllers/default.py: 0
[2014-07-08 15:13:36] EDIT RegressionReport/controllers/default.py: 0
[2014-07-08 15:13:43] EDIT RegressionReport/controllers/default.py: 0
[2014-07-08 15:14:46] EDIT RegressionReport/controllers/default.py: 0
[2014-07-08 15:15:24] EDIT RegressionReport/controllers/default.py: 0
[2014-07-08 15:16:08] EDIT RegressionReport/controllers/default.py: 0
[2014-07-08 15:16:39] EDIT RegressionReport/controllers/default.py: 0
[2014-07-08 15:17:36] EDIT RegressionReport/controllers/default.py: 0
[2014-07-08 15:28:01] EDIT RegressionReport/controllers/default.py: 0
[2014-07-08 15:28:27] EDIT RegressionReport/controllers/default.py: 0
[2014-07-08 15:28:38] EDIT RegressionReport/controllers/default.py: 0
[2014-07-08 15:29:09] EDIT RegressionReport/controllers/default.py: 0
[2014-07-08 15:29:10] EDIT RegressionReport/controllers/default.py: 0
[2014-07-08 15:29:30] EDIT RegressionReport/controllers/default.py: 0
[2014-07-08 15:30:14] EDIT RegressionReport/controllers/default.py: 0
[2014-07-08 15:30:23] EDIT RegressionReport/controllers/default.py: 0
[2014-07-08 15:31:30] EDIT RegressionReport/controllers/default.py: 0
[2014-07-08 15:31:35] EDIT RegressionReport/controllers/default.py: 0
[2014-07-08 15:31:54] EDIT RegressionReport/controllers/default.py: 0
[2014-07-08 15:35:53] EDIT RegressionReport/controllers/default.py: 0
[2014-07-08 15:38:19] EDIT RegressionReport/controllers/default.py: 0
[2014-07-08 15:38:20] EDIT RegressionReport/controllers/default.py: 0
[2014-07-08 15:41:50] EDIT RegressionReport/controllers/default.py: 1
[2014-07-08 15:55:50] EDIT RegressionReport/controllers/default.py: 1
[2014-07-08 15:56:03] EDIT RegressionReport/controllers/default.py: 0
[2014-07-08 15:56:21] EDIT RegressionReport/controllers/default.py: -1
[2014-07-08 15:59:35] EDIT RegressionReport/controllers/default.py: 0
[2014-07-08 15:59:48] EDIT RegressionReport/controllers/default.py: 0
[2014-07-08 15:59:57] EDIT RegressionReport/controllers/default.py: 0
[2014-07-08 16:01:35] EDIT RegressionReport/controllers/default.py: 0
[2014-07-08 16:03:28] EDIT RegressionReport/controllers/default.py: 0
[2014-07-08 16:05:34] EDIT RegressionReport/controllers/default.py: 0
[2014-07-08 16:05:39] EDIT RegressionReport/controllers/default.py: 0
[2014-07-08 16:06:44] EDIT RegressionReport/controllers/default.py: 0
[2014-07-08 16:10:38] EDIT RegressionReport/controllers/default.py: 1
[2014-07-09 09:49:04] EDIT RegressionReport/controllers/default.py: -11
[2014-07-09 09:49:55] EDIT RegressionReport/controllers/default.py: 0
[2014-07-09 09:54:31] EDIT RegressionReport/controllers/default.py: 0
[2014-07-09 09:55:55] EDIT RegressionReport/controllers/default.py: 0
[2014-07-09 09:56:13] EDIT RegressionReport/controllers/default.py: 0
[2014-07-09 09:58:09] EDIT RegressionReport/controllers/default.py: 2
[2014-07-09 13:43:47] EDIT RegressionReport/controllers/default.py: -9
[2014-07-09 13:44:59] EDIT RegressionReport/controllers/default.py: 0
[2014-07-09 13:47:05] EDIT RegressionReport/controllers/default.py: 1
[2014-07-09 13:47:47] EDIT RegressionReport/controllers/default.py: 0
[2014-07-09 13:47:48] EDIT RegressionReport/controllers/default.py: 0
[2014-07-09 13:47:49] EDIT RegressionReport/controllers/default.py: 0
[2014-07-09 13:48:22] EDIT RegressionReport/controllers/default.py: 0
[2014-07-09 13:48:43] EDIT RegressionReport/controllers/default.py: 0
[2014-07-09 13:49:46] EDIT RegressionReport/controllers/default.py: 0
[2014-07-09 13:49:47] EDIT RegressionReport/controllers/default.py: 0
[2014-07-09 13:50:09] EDIT RegressionReport/controllers/default.py: 0
[2014-07-09 18:54:20] EDIT RegressionReport/controllers/default.py: 0
[2014-07-09 18:54:25] EDIT RegressionReport/models/db.py: 0
[2014-07-09 18:54:28] EDIT RegressionReport/views/default/index.html: 0
[2014-07-10 20:47:59] EDIT RegressionReport/controllers/default.py: 0
[2014-07-10 20:51:07] EDIT RegressionReport/controllers/default.py: 0
[2014-07-10 20:51:10] EDIT RegressionReport/controllers/default.py: 0
[2014-07-10 20:51:52] EDIT RegressionReport/controllers/default.py: -1
[2014-07-10 20:58:35] EDIT RegressionReport/controllers/default.py: 0
[2014-07-10 21:12:09] EDIT RegressionReport/controllers/default.py: 0
[2014-07-10 21:13:01] EDIT RegressionReport/controllers/default.py: 0
[2014-07-10 21:15:05] EDIT RegressionReport/controllers/default.py: 3
[2014-07-10 21:15:18] EDIT RegressionReport/controllers/default.py: 0
[2014-07-10 21:19:48] EDIT RegressionReport/controllers/default.py: 1
[2014-07-10 21:21:07] EDIT RegressionReport/controllers/default.py: 0
[2014-07-10 21:24:25] EDIT RegressionReport/controllers/default.py: 2
[2014-07-10 21:24:55] EDIT RegressionReport/controllers/default.py: 0
[2014-07-10 21:25:38] EDIT RegressionReport/controllers/default.py: 0
[2014-07-10 21:27:56] EDIT RegressionReport/controllers/default.py: 0
[2014-07-10 21:29:00] EDIT RegressionReport/controllers/default.py: -1
[2014-07-10 21:29:46] EDIT RegressionReport/controllers/default.py: 0
[2014-07-10 21:31:40] EDIT RegressionReport/controllers/default.py: 1
[2014-07-10 21:34:18] EDIT RegressionReport/controllers/default.py: -2
[2014-07-10 21:43:20] EDIT RegressionReport/controllers/default.py: 2
[2014-07-10 21:46:18] EDIT RegressionReport/controllers/default.py: -6
[2014-07-10 21:47:56] EDIT RegressionReport/controllers/default.py: 0
[2014-07-10 21:51:47] EDIT RegressionReport/controllers/default.py: 1
[2014-07-10 22:00:56] EDIT RegressionReport/controllers/default.py: 0
[2014-07-10 22:02:27] EDIT RegressionReport/controllers/default.py: 0
[2014-07-10 22:07:53] EDIT RegressionReport/controllers/default.py: 0
[2014-07-10 22:11:37] EDIT RegressionReport/controllers/default.py: 0
[2014-07-10 22:12:05] EDIT RegressionReport/controllers/default.py: 1
[2014-07-10 22:12:40] EDIT RegressionReport/controllers/default.py: 0
[2014-07-10 22:18:04] EDIT RegressionReport/controllers/default.py: 0
[2014-07-10 22:18:13] EDIT RegressionReport/controllers/default.py: 0
[2014-07-10 22:19:35] EDIT RegressionReport/controllers/default.py: 0
[2014-07-10 22:20:12] EDIT RegressionReport/controllers/default.py: 0
[2014-07-10 22:24:28] EDIT RegressionReport/controllers/default.py: 0
[2014-07-10 22:24:32] EDIT RegressionReport/models/db.py: 0
[2014-07-10 22:24:35] EDIT RegressionReport/views/default/index.html: 0
[2014-07-11 21:54:30] EDIT RegressionReport/controllers/default.py: -1
[2014-07-11 21:57:07] EDIT RegressionReport/controllers/default.py: 0
[2014-07-11 21:57:39] EDIT RegressionReport/controllers/default.py: 0
[2014-07-11 21:59:34] EDIT RegressionReport/models/db.py: 0
[2014-07-11 22:05:37] EDIT RegressionReport/models/db.py: 0
[2014-07-11 22:06:19] EDIT RegressionReport/controllers/default.py: 0
[2014-07-11 22:07:26] EDIT RegressionReport/controllers/default.py: 1
[2014-07-11 22:09:06] EDIT RegressionReport/controllers/default.py: 0
[2014-07-11 22:09:49] EDIT RegressionReport/controllers/default.py: 2
[2014-07-11 22:10:45] EDIT RegressionReport/controllers/default.py: 0
[2014-07-11 22:11:13] EDIT RegressionReport/controllers/default.py: 0
[2014-07-11 22:11:35] EDIT RegressionReport/controllers/default.py: 0
[2014-07-11 22:12:54] EDIT RegressionReport/controllers/default.py: -2
[2014-07-11 22:14:15] EDIT RegressionReport/controllers/default.py: 0
[2014-07-11 22:15:27] EDIT RegressionReport/controllers/default.py: 0
[2014-07-11 22:16:15] EDIT RegressionReport/controllers/default.py: 0
[2014-07-11 22:16:28] EDIT RegressionReport/controllers/default.py: 0
[2014-07-11 22:17:32] EDIT RegressionReport/controllers/default.py: 3
[2014-07-11 22:18:05] EDIT RegressionReport/controllers/default.py: -1
[2014-07-11 22:18:54] EDIT RegressionReport/controllers/default.py: 1
[2014-07-11 22:19:19] EDIT RegressionReport/controllers/default.py: 0
[2014-07-11 22:19:29] EDIT RegressionReport/controllers/default.py: 0
[2014-07-11 22:25:39] EDIT RegressionReport/controllers/default.py: 1
[2014-07-11 22:25:50] EDIT RegressionReport/controllers/default.py: 0
[2014-07-11 22:27:03] EDIT RegressionReport/controllers/default.py: -15
[2014-07-11 22:27:58] EDIT RegressionReport/controllers/default.py: 0
[2014-07-11 22:28:17] EDIT RegressionReport/controllers/default.py: 0
[2014-07-11 22:28:28] EDIT RegressionReport/controllers/default.py: 0
[2014-07-11 22:28:41] EDIT RegressionReport/controllers/default.py: 0
[2014-07-11 22:33:31] EDIT RegressionReport/controllers/default.py: 3
[2014-07-11 22:35:55] EDIT RegressionReport/controllers/default.py: -3
[2014-07-11 22:36:56] EDIT RegressionReport/controllers/default.py: -2
[2014-07-11 22:37:34] EDIT RegressionReport/views/default/create.html: 1
[2014-07-11 22:37:49] EDIT RegressionReport/views/default/create.html: 0
[2014-07-11 22:38:25] EDIT RegressionReport/controllers/default.py: 0
[2014-07-11 22:59:14] EDIT RegressionReport/controllers/default.py: 1
[2014-07-11 23:05:13] EDIT RegressionReport/controllers/default.py: 0
[2014-07-11 23:05:52] EDIT RegressionReport/controllers/default.py: 0
[2014-07-11 23:10:08] EDIT RegressionReport/controllers/default.py: 0
[2014-07-11 23:11:06] EDIT RegressionReport/controllers/default.py: 0
[2014-07-11 23:12:28] EDIT RegressionReport/controllers/default.py: 0
[2014-07-11 23:13:02] EDIT RegressionReport/controllers/default.py: 1
[2014-07-11 23:14:06] EDIT RegressionReport/controllers/default.py: -3
[2014-07-11 23:16:02] EDIT RegressionReport/views/default/edit.html: 0
[2014-07-11 23:18:37] EDIT RegressionReport/views/default/edit.html: 0
[2014-07-11 23:19:52] CREATE edit.html: 0
[2014-07-11 23:20:08] EDIT RegressionReport/views/edit.html: 1
[2014-07-11 23:20:35] EDIT RegressionReport/views/edit.html: 0
[2014-07-11 23:21:11] CREATE default/edit.html: 0
[2014-07-11 23:21:32] EDIT RegressionReport/views/default/edit.html: 1
[2014-07-11 23:23:47] EDIT RegressionReport/controllers/default.py: 0
[2014-07-11 23:24:35] EDIT RegressionReport/controllers/default.py: 0
[2014-07-11 23:25:00] EDIT RegressionReport/controllers/default.py: 0
[2014-07-11 23:26:00] EDIT RegressionReport/controllers/default.py: 0
[2014-07-11 23:26:47] EDIT RegressionReport/controllers/default.py: 0
[2014-07-11 23:27:01] EDIT RegressionReport/controllers/default.py: 0
[2014-07-12 08:00:56] EDIT RegressionReport/models/db.py: 0
[2014-07-12 08:10:27] EDIT RegressionReport/models/db.py: 0
[2014-07-12 08:12:56] EDIT RegressionReport/models/db.py: 0
[2014-07-12 08:19:47] EDIT RegressionReport/controllers/default.py: 1
[2014-07-12 08:20:48] EDIT RegressionReport/controllers/default.py: 1
[2014-07-12 08:37:39] EDIT RegressionReport/controllers/default.py: 0
[2014-07-12 08:42:14] EDIT RegressionReport/controllers/default.py: 0
[2014-07-12 08:43:17] EDIT RegressionReport/controllers/default.py: 0
[2014-07-12 08:43:45] EDIT RegressionReport/controllers/default.py: 0
[2014-07-12 09:12:41] EDIT RegressionReport/controllers/default.py: -1
[2014-07-12 09:13:34] EDIT RegressionReport/controllers/default.py: 0
[2014-07-12 09:14:25] EDIT RegressionReport/controllers/default.py: 1
[2014-07-12 09:18:31] EDIT RegressionReport/controllers/default.py: 1
[2014-07-12 09:18:40] EDIT RegressionReport/controllers/default.py: -1
[2014-07-12 09:19:24] EDIT RegressionReport/controllers/default.py: 0
[2014-07-12 09:20:18] EDIT RegressionReport/controllers/default.py: 0
[2014-07-12 09:20:40] EDIT RegressionReport/controllers/default.py: 0
[2014-07-12 09:21:06] EDIT RegressionReport/controllers/default.py: 0
[2014-07-12 09:22:30] EDIT RegressionReport/controllers/default.py: 5
[2014-07-12 10:23:28] EDIT RegressionReport/controllers/default.py: 1
[2014-07-12 10:25:10] EDIT RegressionReport/views/layout.html: 0
[2014-07-12 10:26:10] EDIT RegressionReport/views/layout.html: 0
[2014-07-12 10:27:36] EDIT RegressionReport/views/layout.html: -37
[2014-07-12 10:28:40] EDIT RegressionReport/views/layout.html: -1
[2014-07-12 10:29:15] EDIT RegressionReport/views/layout.html: 0
[2014-07-12 10:30:20] EDIT RegressionReport/views/layout.html: 0
[2014-07-14 20:41:06] EDIT RegressionReport/models/db.py: 8
[2014-07-15 18:39:41] EDIT RegressionReport/controllers/default.py: 1
[2014-07-15 18:43:45] EDIT RegressionReport/models/db.py: -8
[2014-07-15 18:45:12] EDIT RegressionReport/views/layout.html: 0
[2014-07-15 18:45:37] EDIT RegressionReport/views/layout.html: 0
[2014-07-15 20:16:27] EDIT RegressionReport/views/layout.html: 2
[2014-07-15 20:18:42] EDIT RegressionReport/views/layout.html: -2
[2014-07-15 20:18:44] EDIT RegressionReport/views/layout.html: 0
[2014-07-15 20:19:11] EDIT RegressionReport/views/layout.html: 0
[2014-07-15 20:20:50] EDIT RegressionReport/static/css/web2py.css: 0
[2014-07-15 20:21:33] EDIT RegressionReport/controllers/default.py: 0
[2014-07-15 20:26:00] EDIT RegressionReport/models/db.py: -1
[2014-07-15 20:26:29] EDIT RegressionReport/controllers/default.py: -1
[2014-07-15 20:27:54] EDIT RegressionReport/controllers/default.py: 1
[2014-07-15 20:29:09] EDIT RegressionReport/controllers/default.py: 0
[2014-07-15 20:34:34] EDIT RegressionReport/controllers/default.py: 1
[2014-07-15 20:35:32] EDIT RegressionReport/controllers/default.py: 0
[2014-07-15 20:35:34] EDIT RegressionReport/controllers/default.py: 0
[2014-07-15 20:35:57] EDIT RegressionReport/controllers/default.py: 0
[2014-07-15 20:37:42] EDIT RegressionReport/controllers/default.py: -2
[2014-07-15 20:43:53] EDIT RegressionReport/controllers/default.py: 1
[2014-07-15 20:50:01] EDIT RegressionReport/controllers/default.py: 0
[2014-07-15 20:54:56] EDIT RegressionReport/controllers/default.py: 0
[2014-07-15 20:55:30] EDIT RegressionReport/controllers/default.py: 0
[2014-07-15 20:57:12] EDIT RegressionReport/models/db.py: 0
[2014-07-15 20:58:07] EDIT RegressionReport/controllers/default.py: 0
[2014-07-15 21:31:45] EDIT RegressionReport/controllers/default.py: 0
[2014-07-15 21:31:52] EDIT RegressionReport/controllers/default.py: 0
[2014-07-15 21:33:31] EDIT RegressionReport/controllers/default.py: 0
[2014-07-15 21:34:17] EDIT RegressionReport/controllers/default.py: 0
[2014-07-15 21:40:50] EDIT RegressionReport/controllers/default.py: 12
[2014-07-15 21:41:32] EDIT RegressionReport/controllers/default.py: 0
[2014-07-15 21:42:20] EDIT RegressionReport/controllers/default.py: 0
[2014-07-15 21:46:32] EDIT RegressionReport/static/css/web2py.css: 1
[2014-07-15 21:46:56] EDIT RegressionReport/static/css/web2py.css: 0
[2014-07-15 21:47:57] EDIT RegressionReport/static/css/web2py.css: -1
[2014-07-15 21:48:19] EDIT RegressionReport/static/css/web2py.css: 0
[2014-07-15 21:48:59] EDIT RegressionReport/static/css/web2py.css: 0
[2014-07-15 21:49:56] EDIT RegressionReport/controllers/default.py: -12
[2014-07-15 21:52:16] EDIT RegressionReport/controllers/default.py: 0
[2014-07-15 21:52:31] EDIT RegressionReport/controllers/default.py: 0
[2014-07-15 21:52:56] EDIT RegressionReport/controllers/default.py: 0
[2014-07-15 21:53:23] EDIT RegressionReport/controllers/default.py: 0
[2014-07-15 21:54:35] EDIT RegressionReport/controllers/default.py: 0
[2014-07-15 21:58:05] EDIT RegressionReport/controllers/default.py: 0
[2014-07-15 22:09:31] EDIT RegressionReport/controllers/default.py: 8
[2014-07-15 22:10:01] EDIT RegressionReport/controllers/default.py: 0
[2014-07-15 22:10:27] EDIT RegressionReport/controllers/default.py: 0
[2014-07-15 22:10:45] EDIT RegressionReport/controllers/default.py: 0
[2014-07-15 22:11:32] EDIT RegressionReport/controllers/default.py: -3
[2014-07-15 22:16:22] EDIT RegressionReport/controllers/default.py: 0
[2014-07-15 22:16:44] EDIT RegressionReport/controllers/default.py: 0
[2014-07-15 22:19:57] EDIT RegressionReport/controllers/default.py: 1
[2014-07-15 22:20:05] EDIT RegressionReport/controllers/default.py: -1
[2014-07-15 22:20:42] EDIT RegressionReport/controllers/default.py: 0
[2014-07-15 22:23:28] EDIT RegressionReport/models/db.py: 0
[2014-07-15 22:26:32] EDIT RegressionReport/models/db.py: 1
[2014-07-15 22:28:37] EDIT RegressionReport/controllers/default.py: 0
[2014-07-15 22:31:33] EDIT RegressionReport/controllers/default.py: 0
[2014-07-15 22:32:21] EDIT RegressionReport/controllers/default.py: 1
[2014-07-15 22:42:06] CREATE spiaceReport/.py: 0
[2014-07-15 22:42:51] CREATE spiaceReport/.py: 0
[2014-07-15 22:44:59] EDIT RegressionReport/modules/spiaceReport/spiaceReport.py: 1
[2014-07-15 22:45:25] EDIT RegressionReport/modules/spiaceReport/spiaceReport.py: 0
[2014-07-15 22:55:41] EDIT RegressionReport/modules/spiaceReport/spiaceReport.py: 0
[2014-07-15 23:05:04] EDIT RegressionReport/views/layout.html: 1
[2014-07-15 23:07:46] EDIT RegressionReport/static/css/web2py.css: 0
[2014-07-15 23:08:04] EDIT RegressionReport/static/css/web2py.css: 0
[2014-07-15 23:08:16] EDIT RegressionReport/views/layout.html: -1
[2014-07-15 23:14:43] EDIT RegressionReport/views/layout.html: 4
[2014-07-15 23:15:38] EDIT RegressionReport/views/layout.html: 0
[2014-07-15 23:16:20] EDIT RegressionReport/views/layout.html: 0
[2014-07-15 23:17:01] EDIT RegressionReport/views/layout.html: 0
[2014-07-15 23:22:44] EDIT RegressionReport/modules/spiaceReport/spiaceReport.py: 0
[2014-07-15 23:24:32] EDIT RegressionReport/modules/spiaceReport/spiaceReport.py: 0
[2014-07-16 18:43:17] EDIT RegressionReport/static/css/web2py.css: 0
[2014-07-16 18:44:11] EDIT RegressionReport/static/css/web2py.css: 0
[2014-07-16 18:45:22] EDIT RegressionReport/static/css/web2py.css: 0
[2014-07-16 18:53:01] EDIT RegressionReport/static/css/web2py.css: 1
[2014-07-16 18:54:30] EDIT RegressionReport/static/css/web2py.css: 0
[2014-07-16 18:55:02] EDIT RegressionReport/static/css/web2py.css: 0
[2014-07-16 18:56:27] EDIT RegressionReport/static/css/web2py.css: -1
[2014-07-16 18:57:27] EDIT RegressionReport/views/layout.html: -4
[2014-07-16 18:57:42] EDIT RegressionReport/views/layout.html: 0
[2014-07-16 18:58:21] EDIT RegressionReport/static/css/web2py.css: 1
[2014-07-16 18:58:39] EDIT RegressionReport/static/css/web2py.css: 0
[2014-07-16 18:59:06] EDIT RegressionReport/static/css/web2py.css: 0
[2014-07-16 18:59:25] EDIT RegressionReport/static/css/web2py.css: 0
[2014-07-16 19:00:04] EDIT RegressionReport/static/css/web2py.css: 0
[2014-07-16 19:00:22] EDIT RegressionReport/static/css/web2py.css: 0
[2014-07-16 19:04:16] EDIT RegressionReport/static/css/web2py.css: 1
[2014-07-16 19:04:38] EDIT RegressionReport/static/css/web2py.css: 0
[2014-07-16 19:05:09] EDIT RegressionReport/static/css/web2py.css: -1
[2014-07-16 21:10:46] EDIT RegressionReport/static/css/web2py.css: 1
[2014-07-16 21:11:06] EDIT RegressionReport/static/css/web2py.css: 0
[2014-07-16 21:16:59] EDIT RegressionReport/static/css/web2py.css: 0
[2014-07-16 21:17:01] EDIT RegressionReport/static/css/web2py.css: 0
[2014-07-16 21:17:59] EDIT RegressionReport/static/css/web2py.css: 0
[2014-07-16 21:20:22] EDIT RegressionReport/controllers/default.py: 0
[2014-07-16 21:21:23] EDIT RegressionReport/static/css/web2py.css: 0
[2014-07-16 21:22:44] EDIT RegressionReport/controllers/default.py: 0
[2014-07-16 21:23:08] EDIT RegressionReport/controllers/default.py: 0
[2014-07-16 21:23:11] EDIT RegressionReport/controllers/default.py: 0
[2014-07-16 21:23:18] EDIT RegressionReport/controllers/default.py: 0
[2014-07-16 21:23:30] EDIT RegressionReport/controllers/default.py: 0
[2014-07-16 21:23:42] EDIT RegressionReport/controllers/default.py: 0
[2014-07-16 21:23:58] EDIT RegressionReport/controllers/default.py: 0
[2014-07-16 21:25:08] EDIT RegressionReport/controllers/default.py: 0
[2014-07-16 21:26:44] EDIT RegressionReport/static/css/web2py.css: -1
[2014-07-16 21:27:18] EDIT RegressionReport/controllers/default.py: 0
[2014-07-16 21:28:05] EDIT RegressionReport/controllers/default.py: 0
[2014-07-16 21:28:15] EDIT RegressionReport/static/css/web2py.css: 1
[2014-07-16 21:28:43] EDIT RegressionReport/static/css/web2py.css: 0
[2014-07-16 21:29:27] EDIT RegressionReport/static/css/web2py.css: 0
[2014-07-16 21:31:16] EDIT RegressionReport/static/css/web2py.css: 0
[2014-07-16 21:32:20] EDIT RegressionReport/static/css/web2py.css: -1
[2014-07-16 21:32:39] EDIT RegressionReport/static/css/web2py.css: 0
[2014-07-16 21:33:58] EDIT RegressionReport/static/css/web2py.css: 5
[2014-07-16 21:34:40] EDIT RegressionReport/controllers/default.py: 0
[2014-07-16 21:39:26] EDIT RegressionReport/static/css/web2py.css: 0
[2014-07-16 21:39:41] EDIT RegressionReport/controllers/default.py: 0
[2014-07-16 21:41:03] EDIT RegressionReport/static/css/web2py.css: -4
[2014-07-16 21:41:12] EDIT RegressionReport/static/css/web2py.css: 0
[2014-07-16 21:41:41] EDIT RegressionReport/static/css/web2py.css: -1
[2014-07-16 21:42:29] EDIT RegressionReport/static/css/web2py.css: 2
[2014-07-16 21:42:48] EDIT RegressionReport/static/css/web2py.css: 0
[2014-07-16 21:43:05] EDIT RegressionReport/static/css/web2py.css: 0
[2014-07-16 21:43:24] EDIT RegressionReport/static/css/web2py.css: 1
[2014-07-16 21:43:44] EDIT RegressionReport/static/css/web2py.css: 0
[2014-07-16 21:44:32] EDIT RegressionReport/static/css/web2py.css: 0
[2014-07-16 21:45:06] EDIT RegressionReport/static/css/web2py.css: -3
[2014-07-16 21:45:21] EDIT RegressionReport/static/css/web2py.css: 0
[2014-07-16 21:45:51] EDIT RegressionReport/controllers/default.py: 0
[2014-07-16 21:46:37] EDIT RegressionReport/static/css/web2py.css: 0
[2014-07-16 21:48:02] EDIT RegressionReport/static/css/web2py.css: 0
[2014-07-16 21:50:02] EDIT RegressionReport/static/css/web2py.css: 0
[2014-07-16 21:50:41] EDIT RegressionReport/static/css/web2py.css: 0
[2014-07-16 21:54:05] EDIT RegressionReport/controllers/default.py: 0
[2014-07-16 21:54:32] EDIT RegressionReport/controllers/default.py: 0
[2014-07-16 21:55:52] EDIT RegressionReport/static/css/web2py.css: 1
[2014-07-16 21:57:09] EDIT RegressionReport/controllers/default.py: 0
[2014-07-16 21:58:27] EDIT RegressionReport/controllers/default.py: 0
[2014-07-16 21:58:48] EDIT RegressionReport/controllers/default.py: 0
[2014-07-16 21:59:07] EDIT RegressionReport/controllers/default.py: 0
[2014-07-16 21:59:18] EDIT RegressionReport/controllers/default.py: 0
[2014-07-16 21:59:28] EDIT RegressionReport/controllers/default.py: 0
[2014-07-16 21:59:30] EDIT RegressionReport/controllers/default.py: 0
[2014-07-16 22:00:33] EDIT RegressionReport/controllers/default.py: 0
[2014-07-16 22:02:13] EDIT RegressionReport/controllers/default.py: 7
[2014-07-16 22:03:27] EDIT RegressionReport/controllers/default.py: 0
[2014-07-16 22:04:13] EDIT RegressionReport/controllers/default.py: 0
[2014-07-16 22:05:06] EDIT RegressionReport/controllers/default.py: 0
[2014-07-16 22:05:28] EDIT RegressionReport/controllers/default.py: 0
[2014-07-16 22:10:01] EDIT RegressionReport/views/default/index.html: 3
[2014-07-16 22:10:22] EDIT RegressionReport/controllers/default.py: 0
[2014-07-16 22:10:25] EDIT RegressionReport/controllers/default.py: 0
[2014-07-16 22:14:12] EDIT RegressionReport/controllers/default.py: 4
[2014-07-16 22:14:41] EDIT RegressionReport/controllers/default.py: 0
[2014-07-16 22:23:51] EDIT RegressionReport/models/db.py: 1
[2014-07-16 22:24:17] EDIT RegressionReport/models/db.py: 2
[2014-07-16 22:24:19] EDIT RegressionReport/models/db.py: 0
[2014-07-16 22:24:20] EDIT RegressionReport/models/db.py: 0
[2014-07-16 22:24:21] EDIT RegressionReport/models/db.py: 0
[2014-07-16 22:24:21] EDIT RegressionReport/models/db.py: 0
[2014-07-16 22:24:21] EDIT RegressionReport/models/db.py: 0
[2014-07-16 22:24:45] EDIT RegressionReport/models/db.py: -2
[2014-07-16 22:24:46] EDIT RegressionReport/models/db.py: 0
[2014-07-16 22:31:50] EDIT RegressionReport/models/db.py: 0
[2014-07-16 22:31:52] EDIT RegressionReport/models/db.py: 0
[2014-07-16 22:31:53] EDIT RegressionReport/models/db.py: 0
[2014-07-16 22:32:01] EDIT RegressionReport/models/db.py: 0
[2014-07-16 22:35:04] EDIT RegressionReport/models/db.py: 0
[2014-07-16 22:36:02] EDIT RegressionReport/controllers/default.py: 1
[2014-07-16 22:36:56] EDIT RegressionReport/controllers/default.py: 1
[2014-07-16 22:37:28] EDIT RegressionReport/controllers/default.py: -1
[2014-07-16 22:37:30] EDIT RegressionReport/controllers/default.py: 0
[2014-07-16 22:40:37] EDIT RegressionReport/models/db.py: 0
[2014-07-16 22:41:09] EDIT RegressionReport/models/db.py: 0
[2014-07-16 22:41:13] EDIT RegressionReport/models/db.py: 0
[2014-07-16 22:52:34] EDIT RegressionReport/models/db.py: 0
[2014-07-16 22:52:37] EDIT RegressionReport/controllers/default.py: 0
[2014-07-16 22:52:41] EDIT RegressionReport/views/default/index.html: 0
[2014-07-16 22:52:44] EDIT RegressionReport/static/css/web2py.css: 0
[2014-07-18 08:41:31] EDIT RegressionReport/controllers/default.py: 1
[2014-07-18 08:42:47] EDIT RegressionReport/controllers/default.py: 1
[2014-07-18 08:43:11] EDIT RegressionReport/views/default/index.html: 1
[2014-07-18 08:44:23] EDIT RegressionReport/controllers/default.py: 3
[2014-07-18 08:45:00] EDIT RegressionReport/controllers/default.py: 0
[2014-07-18 08:46:15] EDIT RegressionReport/controllers/default.py: 0
[2014-07-18 08:49:07] EDIT RegressionReport/controllers/default.py: 0
[2014-07-18 08:50:39] EDIT RegressionReport/controllers/default.py: 2
[2014-07-18 08:52:12] EDIT RegressionReport/modules/spiaceReport/spiaceReport.py: -15
[2014-07-18 08:55:56] UPLOAD C:/web2py/applications/RegressionReport/modules/spiaceConfig.ini.py: 62
[2014-07-18 11:54:15] EDIT RegressionReport/modules/spiaceReport/spiaceReport.py: 0
[2014-07-18 11:54:47] EDIT RegressionReport/modules/spiaceReport/spiaceReport.py: 1
[2014-07-18 11:55:09] EDIT RegressionReport/modules/spiaceReport/spiaceReport.py: 0
[2014-07-18 11:55:11] EDIT RegressionReport/modules/spiaceReport/spiaceReport.py: 0
[2014-07-18 11:55:34] EDIT RegressionReport/modules/spiaceReport/spiaceReport.py: 2
[2014-07-18 11:57:13] EDIT RegressionReport/controllers/default.py: 2
[2014-07-18 11:57:49] EDIT RegressionReport/controllers/default.py: 1
[2014-07-18 11:58:16] EDIT RegressionReport/controllers/default.py: 0
[2014-07-18 11:58:30] EDIT RegressionReport/controllers/default.py: -1
[2014-07-18 11:58:49] EDIT RegressionReport/modules/spiaceReport/spiaceReport.py: 0
[2014-07-18 11:58:58] EDIT RegressionReport/modules/spiaceReport/spiaceReport.py: 0
[2014-07-18 11:59:03] EDIT RegressionReport/modules/spiaceReport/spiaceReport.py: -2
[2014-07-18 12:37:01] EDIT RegressionReport/controllers/default.py: 1
[2014-07-18 12:37:30] EDIT RegressionReport/controllers/default.py: 0
[2014-07-18 13:27:15] EDIT RegressionReport/modules/spiaceReport/spiaceReport.py: 1
[2014-07-18 14:11:24] EDIT RegressionReport/modules/spiaceReport/spiaceReport.py: -1
[2014-07-18 14:13:16] EDIT RegressionReport/modules/spiaceReport/spiaceReport.py: 1
[2014-07-18 14:13:18] EDIT RegressionReport/modules/spiaceReport/spiaceReport.py: 0
[2014-07-18 14:13:18] EDIT RegressionReport/modules/spiaceReport/spiaceReport.py: 0
[2014-07-18 14:13:35] EDIT RegressionReport/controllers/default.py: 0
[2014-07-18 14:14:52] EDIT RegressionReport/modules/spiaceReport/spiaceReport.py: -1
[2014-07-18 14:15:37] EDIT RegressionReport/modules/spiaceReport/spiaceReport.py: -1
[2014-07-18 14:18:48] EDIT RegressionReport/modules/spiaceReport/spiaceReport.py: 1
[2014-07-18 14:18:48] EDIT RegressionReport/modules/spiaceReport/spiaceReport.py: 0
[2014-07-18 14:19:18] EDIT RegressionReport/modules/spiaceReport/spiaceReport.py: 0
[2014-07-18 14:20:52] EDIT RegressionReport/modules/spiaceReport/spiaceReport.py: 1
[2014-07-18 14:21:19] EDIT RegressionReport/modules/spiaceReport/spiaceReport.py: -1
[2014-07-18 14:21:46] EDIT RegressionReport/modules/spiaceReport/spiaceReport.py: 1
[2014-07-18 14:21:47] EDIT RegressionReport/modules/spiaceReport/spiaceReport.py: 0
[2014-07-18 14:24:57] EDIT RegressionReport/modules/spiaceReport/spiaceReport.py: 0
[2014-07-18 14:45:15] EDIT RegressionReport/modules/spiaceReport/spiaceReport.py: 0
[2014-07-18 14:45:34] EDIT RegressionReport/modules/spiaceReport/spiaceReport.py: 1
[2014-07-18 14:48:11] EDIT RegressionReport/modules/spiaceReport/spiaceReport.py: 925
[2014-07-18 14:48:41] EDIT RegressionReport/modules/spiaceReport/spiaceReport.py: -1
[2014-07-18 14:48:53] EDIT RegressionReport/modules/spiaceReport/spiaceReport.py: 0
[2014-07-18 14:50:11] EDIT RegressionReport/modules/spiaceReport/spiaceReport.py: -924
[2014-07-18 14:51:09] EDIT RegressionReport/modules/spiaceReport/spiaceReport.py: 0
[2014-07-18 14:51:24] EDIT RegressionReport/modules/spiaceReport/spiaceReport.py: 0
[2014-07-18 14:51:42] EDIT RegressionReport/modules/spiaceReport/spiaceReport.py: 0
[2014-07-18 14:54:28] EDIT RegressionReport/modules/spiaceReport/spiaceReport.py: 0
[2014-07-18 15:10:31] EDIT RegressionReport/modules/spiaceReport/spiaceReport.py: 1
[2014-07-18 15:44:04] EDIT RegressionReport/modules/spiaceReport/spiaceReport.py: -1
[2014-07-18 15:51:25] EDIT RegressionReport/modules/spiaceReport/spiaceReport.py: 3
[2014-07-18 15:52:09] EDIT RegressionReport/modules/spiaceReport/spiaceReport.py: 0
[2014-07-18 15:52:15] EDIT RegressionReport/modules/spiaceReport/spiaceReport.py: -1
[2014-07-18 16:16:46] EDIT RegressionReport/modules/spiaceReport/spiaceReport.py: -1
[2014-07-18 16:16:54] EDIT RegressionReport/modules/spiaceReport/spiaceReport.py: -1
[2014-07-18 16:17:13] EDIT RegressionReport/modules/spiaceReport/spiaceReport.py: 0
[2014-07-18 16:23:29] EDIT RegressionReport/modules/spiaceReport/spiaceReport.py: 0
[2014-07-18 16:29:43] EDIT RegressionReport/modules/spiaceReport/spiaceReport.py: 1
[2014-07-18 16:30:07] EDIT RegressionReport/modules/spiaceReport/spiaceReport.py: 1
[2014-07-18 16:41:14] EDIT RegressionReport/modules/spiaceReport/spiaceReport.py: -5
[2014-07-18 21:32:14] EDIT RegressionReport/modules/spiaceReport/spiaceReport.py: 1
[2014-07-18 21:41:07] EDIT RegressionReport/modules/spiaceReport/spiaceReport.py: 1
[2014-07-18 21:42:37] EDIT RegressionReport/modules/spiaceReport/spiaceReport.py: 2
[2014-07-18 22:40:31] EDIT RegressionReport/modules/spiaceReport/spiaceReport.py: 10
[2014-07-18 22:40:35] EDIT RegressionReport/modules/spiaceReport/spiaceReport.py: 0
[2014-07-18 22:42:55] EDIT RegressionReport/modules/spiaceReport/spiaceReport.py: 0
[2014-07-19 08:52:17] EDIT RegressionReport/controllers/default.py: 0
[2014-07-19 08:55:23] EDIT RegressionReport/controllers/default.py: 1
[2014-07-19 08:56:33] EDIT RegressionReport/modules/spiaceReport/spiaceReport.py: 0
[2014-07-19 09:00:41] EDIT RegressionReport/modules/spiaceReport/spiaceReport.py: -2
[2014-07-19 09:09:28] EDIT RegressionReport/modules/spiaceReport/spiaceReport.py: 1
[2014-07-19 09:09:31] EDIT RegressionReport/modules/spiaceReport/spiaceReport.py: 0
[2014-07-21 21:28:27] EDIT RegressionReport/modules/spiaceReport/spiaceReport.py: 0
[2014-07-21 21:28:47] EDIT RegressionReport/modules/spiaceReport/spiaceReport.py: 0
[2014-07-21 21:29:38] EDIT RegressionReport/modules/spiaceReport/spiaceReport.py: 0
[2014-07-21 21:34:29] EDIT RegressionReport/controllers/default.py: 0
[2014-07-21 21:34:41] EDIT RegressionReport/controllers/default.py: 0
[2014-07-22 11:10:09] CREATE tasks.py: 0
[2014-07-22 11:11:44] EDIT RegressionReport/models/tasks.py: 7
[2014-07-22 11:22:20] EDIT RegressionReport/models/tasks.py: 1
[2014-07-22 11:23:50] EDIT RegressionReport/models/tasks.py: 2
[2014-07-22 11:28:14] EDIT RegressionReport/models/tasks.py: 0
[2014-07-22 14:04:33] EDIT RegressionReport/modules/spiaceReport/spiaceReport.py: 1
[2014-07-22 14:08:46] EDIT RegressionReport/modules/spiaceReport/spiaceReport.py: 0
[2014-07-22 14:13:05] EDIT RegressionReport/modules/spiaceReport/spiaceReport.py: 0
[2014-07-22 14:13:10] EDIT RegressionReport/modules/spiaceReport/spiaceReport.py: 0
[2014-07-22 14:14:21] EDIT RegressionReport/modules/loadxls/load.py: 0
[2014-07-22 14:15:43] EDIT RegressionReport/modules/spiaceReport/spiaceReport.py: 0
[2014-07-22 16:15:34] EDIT RegressionReport/modules/spiaceReport/spiaceReport.py: 1
[2014-07-22 16:16:28] EDIT RegressionReport/modules/spiaceReport/spiaceReport.py: 1
[2014-07-22 16:17:32] EDIT RegressionReport/modules/spiaceReport/spiaceReport.py: 1
[2014-07-22 16:23:26] EDIT RegressionReport/modules/spiaceReport/spiaceReport.py: 0
[2014-07-22 16:23:43] EDIT RegressionReport/modules/spiaceReport/spiaceReport.py: 1
[2014-07-22 16:24:27] EDIT RegressionReport/modules/spiaceReport/spiaceReport.py: -1
[2014-07-22 16:25:05] EDIT RegressionReport/modules/spiaceReport/spiaceReport.py: 0
[2014-07-22 16:25:48] EDIT RegressionReport/modules/spiaceReport/spiaceReport.py: 0
[2014-07-23 13:14:00] EDIT RegressionReport/controllers/default.py: -1
[2014-07-23 22:10:57] EDIT RegressionReport/modules/spiaceReport/spiaceReport.py: 0
[2014-07-23 22:11:35] EDIT RegressionReport/modules/spiaceReport/spiaceReport.py: 1
[2014-07-23 22:11:51] EDIT RegressionReport/controllers/default.py: 0
[2014-07-23 22:13:42] EDIT RegressionReport/controllers/default.py: 2
[2014-07-23 22:14:59] EDIT RegressionReport/controllers/default.py: 0
[2014-07-23 22:17:37] EDIT RegressionReport/views/default/index.html: 0
[2014-07-24 08:17:39] EDIT RegressionReport/modules/spiaceReport/spiaceReport.py: 0
[2014-07-24 08:19:27] EDIT RegressionReport/modules/spiaceReport/spiaceReport.py: -4
[2014-07-24 08:19:56] EDIT RegressionReport/modules/spiaceReport/spiaceReport.py: 1
[2014-07-24 08:25:26] EDIT RegressionReport/modules/spiaceReport/spiaceReport.py: 6
[2014-07-24 08:28:43] EDIT RegressionReport/modules/spiaceReport/spiaceReport.py: 6
[2014-07-24 08:34:38] EDIT RegressionReport/modules/spiaceReport/spiaceReport.py: 0
[2014-07-24 08:35:17] EDIT RegressionReport/modules/spiaceReport/spiaceReport.py: 0
[2014-07-24 08:40:53] EDIT RegressionReport/views/default/index.html: 0
[2014-07-24 08:44:58] EDIT RegressionReport/controllers/default.py: 0
[2014-07-24 08:47:01] EDIT RegressionReport/controllers/default.py: 0
[2014-08-07 10:59:30] EDIT RegressionReport/models/db.py: 0
[2014-08-12 20:56:22] EDIT RegressionReport/controllers/default.py: -2
[2014-08-12 21:00:32] EDIT RegressionReport/views/default/index.html: -1
[2014-08-15 22:12:26] EDIT RegressionReport/views/default/index.html: 1
[2014-08-15 22:12:32] EDIT RegressionReport/views/default/index.html: 0
[2014-08-15 22:12:41] EDIT RegressionReport/views/default/index.html: 0
[2014-08-15 22:32:16] EDIT RegressionReport/views/default/index.html: -1
[2014-08-18 08:01:56] EDIT RegressionReport/modules/spiaceReport/spiaceReport.py: 0
[2014-08-18 08:01:59] EDIT RegressionReport/modules/spiaceReport/spiaceReport.py: 0
[2014-08-18 08:16:12] EDIT RegressionReport/modules/spiaceReport/spiaceReport.py: 0
[2014-08-18 14:55:49] EDIT RegressionReport/modules/spiaceReport/spiaceReport.py: 0
[2014-08-19 08:28:10] EDIT RegressionReport/modules/spiaceReport/spiaceReport.py: 0
[2014-08-19 09:44:19] EDIT RegressionReport/modules/spiaceReport/spiaceReport.py: 1
[2014-08-19 09:47:13] EDIT RegressionReport/modules/spiaceReport/spiaceReport.py: 0
[2014-08-19 09:51:27] EDIT RegressionReport/modules/spiaceReport/spiaceReport.py: 0
[2014-09-03 09:04:06] EDIT RegressionReport/controllers/default.py: 0
[2014-09-03 09:04:46] EDIT RegressionReport/controllers/default.py: 0
[2014-09-03 09:56:25] EDIT RegressionReport/controllers/default.py: 3
[2014-09-03 10:17:20] EDIT RegressionReport/controllers/default.py: -1
[2014-09-03 10:19:02] EDIT RegressionReport/controllers/default.py: 1
[2014-09-03 10:36:06] EDIT RegressionReport/controllers/default.py: 2
[2014-09-03 11:09:13] EDIT RegressionReport/controllers/default.py: 1
[2014-09-03 11:09:46] EDIT RegressionReport/controllers/default.py: 0
[2014-09-03 11:36:40] EDIT RegressionReport/controllers/default.py: 0
[2014-09-03 11:37:43] EDIT RegressionReport/controllers/default.py: -1
[2014-09-03 11:38:16] EDIT RegressionReport/controllers/default.py: -4
[2014-09-03 11:39:01] EDIT RegressionReport/controllers/default.py: -2
[2014-09-03 12:02:19] EDIT RegressionReport/controllers/default.py: -2
[2014-09-03 12:21:40] EDIT RegressionReport/controllers/default.py: -1
[2014-09-09 14:52:57] EDIT RegressionReport/views/default/beingFixed.html: 0
[2014-10-07 22:24:52] EDIT RegressionReport/models/db.py: 0
[2014-10-07 22:56:15] EDIT RegressionReport/models/tasks.py: 0
[2014-10-07 22:56:30] EDIT RegressionReport/models/tasks.py: 0
